CONJUGATE GRADIENT TOOK (number of iterations):116
CONJUGATE GRADIENT error:8.7706e-11
Size is 121
Size is 121
Size is 121
Size is 121
Size is 121
Size is 121
Size is 121
Size is 121
Size is 121
Size is 121
Size is 121
Size is 121
Size is 121
Size is 121
Size is 121
Size is 121
Size is 121
Size is 121
Size is 121
Size is 121
Size is 121
Size is 121
Size is 121
Size is 121
Size is 121
Size is 121
Size is 121
Size is 121
Size is 121
Size is 121
Size is 121
Size is 121
Size is 121
Size is 121
Size is 121
Size is 121
Size is 121
Size is 121
Size is 121
Size is 121
Size is 121
Size is 121
Size is 121
Size is 121
Size is 121
Size is 121
Size is 121
Size is 121
Size is 121
Size is 121
Size is 121
Size is 121
Size is 121
Size is 121
Size is 121
Size is 121
Size is 121
Size is 121
Size is 121
Size is 121
Size is 121
Size is 121
Size is 121
Size is 121
Size is 121
Size is 121
Size is 121
Size is 121
Size is 121
Size is 121
Size is 121
Size is 121
Size is 121
Size is 121
Size is 121
Size is 121
Size is 121
Size is 121
Size is 121
Size is 121
Size is 121
Size is 121
Size is 121
Size is 121
Size is 121
Size is 121
Size is 121
Size is 121
Size is 121
Size is 121
Size is 121
Size is 121
Size is 121
Size is 121
Size is 121
Size is 121
Size is 121
Size is 121
Size is 121
Size is 121
Size is 121
Size is 121
Size is 121
Size is 121
Size is 121
Size is 121
Size is 121
Size is 121
Size is 121
Size is 121
Size is 121
Size is 121
Size is 121
Size is 121
Size is 121
Size is 121
Size is 121
Size is 121
Size is 121
Size is 121
Size is 121
lhs_err is 0.0824783
CONJUGATE GRADIENT TOOK (number of iterations):115
CONJUGATE GRADIENT error:9.9591e-11
Diff : 0.0790208
Iteration:  2
PDE Error:  0.286196
Change in PDE Error:  0.301851
Time taken by New program is : 59.000000 sec 
CONJUGATE GRADIENT TOOK (number of iterations):77
CONJUGATE GRADIENT error:0.00000
Diff : 0.02493
Iteration:  3
PDE Error:  0.08450
Change in PDE Error:  0.00139
Time taken by New program is : 22.00000 sec 
CONJUGATE GRADIENT TOOK (number of iterations):77
CONJUGATE GRADIENT error:0.00000
Diff : 0.02454
Iteration:  4
PDE Error:  0.08312
Change in PDE Error:  0.00131
Time taken by New program is : 21.00000 sec 
CONJUGATE GRADIENT TOOK (number of iterations):77
CONJUGATE GRADIENT error:0.00000
Diff : 0.02417
Iteration:  5
PDE Error:  0.08180
Change in PDE Error:  0.00124
Time taken by New program is : 22.00000 sec 
CONJUGATE GRADIENT TOOK (number of iterations):76
CONJUGATE GRADIENT error:0.00000
Diff : 0.02381
Iteration:  6
PDE Error:  0.08056
Change in PDE Error:  0.00118
Time taken by New program is : 21.00000 sec 
CONJUGATE GRADIENT TOOK (number of iterations):76
CONJUGATE GRADIENT error:0.00000
Diff : 0.02348
Iteration:  7
PDE Error:  0.07937
Change in PDE Error:  0.00112
Time taken by New program is : 22.00000 sec 
CONJUGATE GRADIENT TOOK (number of iterations):76
CONJUGATE GRADIENT error:0.00000
Diff : 0.02315
Iteration:  8
PDE Error:  0.07825
Change in PDE Error:  0.00107
Time taken by New program is : 21.00000 sec 
CONJUGATE GRADIENT TOOK (number of iterations):76
CONJUGATE GRADIENT error:0.00000
Diff : 0.02285
Iteration:  9
PDE Error:  0.07718
Change in PDE Error:  0.00102
Time taken by New program is : 21.00000 sec 
CONJUGATE GRADIENT TOOK (number of iterations):76
CONJUGATE GRADIENT error:0.00000
Diff : 0.02255
Iteration:  10
PDE Error:  0.07616
Change in PDE Error:  0.00098
Time taken by New program is : 22.00000 sec 
CONJUGATE GRADIENT TOOK (number of iterations):76
CONJUGATE GRADIENT error:0.00000
Diff : 0.02227
Iteration:  11
PDE Error:  0.07518
Change in PDE Error:  0.00094
Time taken by New program is : 21.00000 sec 
CONJUGATE GRADIENT TOOK (number of iterations):76
CONJUGATE GRADIENT error:0.00000
Diff : 0.02200
Iteration:  12
PDE Error:  0.07424
Change in PDE Error:  0.00090
Time taken by New program is : 21.00000 sec 
CONJUGATE GRADIENT TOOK (number of iterations):76
CONJUGATE GRADIENT error:0.00000
Diff : 0.02174
Iteration:  13
PDE Error:  0.07334
Change in PDE Error:  0.00086
Time taken by New program is : 20.00000 sec 
CONJUGATE GRADIENT TOOK (number of iterations):76
CONJUGATE GRADIENT error:0.00000
Diff : 0.02149
Iteration:  14
PDE Error:  0.07247
Change in PDE Error:  0.00083
Time taken by New program is : 22.00000 sec 
CONJUGATE GRADIENT TOOK (number of iterations):76
CONJUGATE GRADIENT error:0.00000
Diff : 0.02125
Iteration:  15
PDE Error:  0.07164
Change in PDE Error:  0.00080
Time taken by New program is : 21.00000 sec 
CONJUGATE GRADIENT TOOK (number of iterations):76
CONJUGATE GRADIENT error:0.00000
Diff : 0.02102
Iteration:  16
PDE Error:  0.07084
Change in PDE Error:  0.00077
Time taken by New program is : 22.00000 sec 
CONJUGATE GRADIENT TOOK (number of iterations):76
CONJUGATE GRADIENT error:0.00000
Diff : 0.02080
Iteration:  17
PDE Error:  0.07007
Change in PDE Error:  0.00075
Time taken by New program is : 21.00000 sec 
CONJUGATE GRADIENT TOOK (number of iterations):76
CONJUGATE GRADIENT error:0.00000
Diff : 0.02058
Iteration:  18
PDE Error:  0.06932
Change in PDE Error:  0.00072
Time taken by New program is : 21.00000 sec 
CONJUGATE GRADIENT TOOK (number of iterations):76
CONJUGATE GRADIENT error:0.00000
Diff : 0.02037
Iteration:  19
PDE Error:  0.06860
Change in PDE Error:  0.00070
Time taken by New program is : 22.00000 sec 
CONJUGATE GRADIENT TOOK (number of iterations):76
CONJUGATE GRADIENT error:0.00000
Diff : 0.02017
Iteration:  20
PDE Error:  0.06790
Change in PDE Error:  0.00068
Time taken by New program is : 21.00000 sec 
CONJUGATE GRADIENT TOOK (number of iterations):76
CONJUGATE GRADIENT error:0.00000
Diff : 0.01997
Iteration:  21
PDE Error:  0.06722
Change in PDE Error:  0.00066
Time taken by New program is : 21.00000 sec 
CONJUGATE GRADIENT TOOK (number of iterations):75
CONJUGATE GRADIENT error:0.00000
Diff : 0.01978
Iteration:  22
PDE Error:  0.06657
Change in PDE Error:  0.00064
Time taken by New program is : 22.00000 sec 
CONJUGATE GRADIENT TOOK (number of iterations):75
CONJUGATE GRADIENT error:0.00000
Diff : 0.01959
Iteration:  23
PDE Error:  0.06593
Change in PDE Error:  0.00062
Time taken by New program is : 21.00000 sec 
CONJUGATE GRADIENT TOOK (number of iterations):75
CONJUGATE GRADIENT error:0.00000
Diff : 0.01941
Iteration:  24
PDE Error:  0.06531
Change in PDE Error:  0.00060
Time taken by New program is : 21.00000 sec 
CONJUGATE GRADIENT TOOK (number of iterations):75
CONJUGATE GRADIENT error:0.00000
Diff : 0.01924
Iteration:  25
PDE Error:  0.06471
Change in PDE Error:  0.00059
Time taken by New program is : 21.00000 sec 
CONJUGATE GRADIENT TOOK (number of iterations):75
CONJUGATE GRADIENT error:0.00000
Diff : 0.01907
Iteration:  26
PDE Error:  0.06412
Change in PDE Error:  0.00057
Time taken by New program is : 22.00000 sec 
CONJUGATE GRADIENT TOOK (number of iterations):75
CONJUGATE GRADIENT error:0.00000
Diff : 0.01890
Iteration:  27
PDE Error:  0.06355
Change in PDE Error:  0.00056
Time taken by New program is : 21.00000 sec 
CONJUGATE GRADIENT TOOK (number of iterations):75
CONJUGATE GRADIENT error:0.00000
Diff : 0.01874
Iteration:  28
PDE Error:  0.06300
Change in PDE Error:  0.00054
Time taken by New program is : 21.00000 sec 
CONJUGATE GRADIENT TOOK (number of iterations):75
CONJUGATE GRADIENT error:0.00000
Diff : 0.01858
Iteration:  29
PDE Error:  0.06245
Change in PDE Error:  0.00053
Time taken by New program is : 22.00000 sec 
CONJUGATE GRADIENT TOOK (number of iterations):75
CONJUGATE GRADIENT error:0.00000
Diff : 0.01842
Iteration:  30
PDE Error:  0.06193
Change in PDE Error:  0.00052
Time taken by New program is : 21.00000 sec 
CONJUGATE GRADIENT TOOK (number of iterations):75
CONJUGATE GRADIENT error:0.00000
Diff : 0.01827
Iteration:  31
PDE Error:  0.06141
Change in PDE Error:  0.00050
Time taken by New program is : 21.00000 sec 
CONJUGATE GRADIENT TOOK (number of iterations):75
CONJUGATE GRADIENT error:0.00000
Diff : 0.01813
Iteration:  32
PDE Error:  0.06091
Change in PDE Error:  0.00049
Time taken by New program is : 22.00000 sec 
CONJUGATE GRADIENT TOOK (number of iterations):75
CONJUGATE GRADIENT error:0.00000
Diff : 0.01798
Iteration:  33
PDE Error:  0.06042
Change in PDE Error:  0.00048
Time taken by New program is : 21.00000 sec 
CONJUGATE GRADIENT TOOK (number of iterations):75
CONJUGATE GRADIENT error:0.00000
Diff : 0.01784
Iteration:  34
PDE Error:  0.05994
Change in PDE Error:  0.00047
Time taken by New program is : 21.00000 sec 
CONJUGATE GRADIENT TOOK (number of iterations):75
CONJUGATE GRADIENT error:0.00000
Diff : 0.01770
Iteration:  35
PDE Error:  0.05947
Change in PDE Error:  0.00046
Time taken by New program is : 22.00000 sec 
CONJUGATE GRADIENT TOOK (number of iterations):75
CONJUGATE GRADIENT error:0.00000
Diff : 0.01757
Iteration:  36
PDE Error:  0.05901
Change in PDE Error:  0.00045
Time taken by New program is : 21.00000 sec 
CONJUGATE GRADIENT TOOK (number of iterations):75
CONJUGATE GRADIENT error:0.00000
Diff : 0.01744
Iteration:  37
PDE Error:  0.05856
Change in PDE Error:  0.00044
Time taken by New program is : 21.00000 sec 
CONJUGATE GRADIENT TOOK (number of iterations):75
CONJUGATE GRADIENT error:0.00000
Diff : 0.01731
Iteration:  38
PDE Error:  0.05812
Change in PDE Error:  0.00043
Time taken by New program is : 22.00000 sec 
CONJUGATE GRADIENT TOOK (number of iterations):75
CONJUGATE GRADIENT error:0.00000
Diff : 0.01718
Iteration:  39
PDE Error:  0.05769
Change in PDE Error:  0.00042
Time taken by New program is : 21.00000 sec 
CONJUGATE GRADIENT TOOK (number of iterations):75
CONJUGATE GRADIENT error:0.00000
Diff : 0.01706
Iteration:  40
PDE Error:  0.05727
Change in PDE Error:  0.00041
Time taken by New program is : 21.00000 sec 
CONJUGATE GRADIENT TOOK (number of iterations):74
CONJUGATE GRADIENT error:0.00000
Diff : 0.01693
Iteration:  41
PDE Error:  0.05685
Change in PDE Error:  0.00041
Time taken by New program is : 21.00000 sec 
CONJUGATE GRADIENT TOOK (number of iterations):74
CONJUGATE GRADIENT error:0.00000
Diff : 0.01681
Iteration:  42
PDE Error:  0.05645
Change in PDE Error:  0.00040
Time taken by New program is : 21.00000 sec 
CONJUGATE GRADIENT TOOK (number of iterations):74
CONJUGATE GRADIENT error:0.00000
Diff : 0.01670
Iteration:  43
PDE Error:  0.05605
Change in PDE Error:  0.00039
Time taken by New program is : 22.00000 sec 
CONJUGATE GRADIENT TOOK (number of iterations):74
CONJUGATE GRADIENT error:0.00000
Diff : 0.01658
Iteration:  44
PDE Error:  0.05566
Change in PDE Error:  0.00038
Time taken by New program is : 21.00000 sec 
CONJUGATE GRADIENT TOOK (number of iterations):74
CONJUGATE GRADIENT error:0.00000
Diff : 0.01647
Iteration:  45
PDE Error:  0.05527
Change in PDE Error:  0.00038
Time taken by New program is : 21.00000 sec 
CONJUGATE GRADIENT TOOK (number of iterations):74
CONJUGATE GRADIENT error:0.00000
Diff : 0.01636
Iteration:  46
PDE Error:  0.05490
Change in PDE Error:  0.00037
Time taken by New program is : 21.00000 sec 
CONJUGATE GRADIENT TOOK (number of iterations):74
CONJUGATE GRADIENT error:0.00000
Diff : 0.01625
Iteration:  47
PDE Error:  0.05453
Change in PDE Error:  0.00036
Time taken by New program is : 21.00000 sec 
CONJUGATE GRADIENT TOOK (number of iterations):74
CONJUGATE GRADIENT error:0.00000
Diff : 0.01614
Iteration:  48
PDE Error:  0.05416
Change in PDE Error:  0.00036
Time taken by New program is : 22.00000 sec 
CONJUGATE GRADIENT TOOK (number of iterations):74
CONJUGATE GRADIENT error:0.00000
Diff : 0.01604
Iteration:  49
PDE Error:  0.05380
Change in PDE Error:  0.00035
Time taken by New program is : 21.00000 sec 
CONJUGATE GRADIENT TOOK (number of iterations):74
CONJUGATE GRADIENT error:0.00000
Diff : 0.01593
Iteration:  50
PDE Error:  0.05345
Change in PDE Error:  0.00035
Time taken by New program is : 21.00000 sec 
CONJUGATE GRADIENT TOOK (number of iterations):74
CONJUGATE GRADIENT error:0.00000
Diff : 0.01583
Iteration:  51
PDE Error:  0.05311
Change in PDE Error:  0.00034
Time taken by New program is : 21.00000 sec 
CONJUGATE GRADIENT TOOK (number of iterations):74
CONJUGATE GRADIENT error:0.00000
Diff : 0.01573
Iteration:  52
PDE Error:  0.05277
Change in PDE Error:  0.00033
Time taken by New program is : 22.00000 sec 
CONJUGATE GRADIENT TOOK (number of iterations):74
CONJUGATE GRADIENT error:0.00000
Diff : 0.01563
Iteration:  53
PDE Error:  0.05243
Change in PDE Error:  0.00033
Time taken by New program is : 21.00000 sec 
CONJUGATE GRADIENT TOOK (number of iterations):74
CONJUGATE GRADIENT error:0.00000
Diff : 0.01553
Iteration:  54
PDE Error:  0.05210
Change in PDE Error:  0.00032
Time taken by New program is : 21.00000 sec 
CONJUGATE GRADIENT TOOK (number of iterations):74
CONJUGATE GRADIENT error:0.00000
Diff : 0.01544
Iteration:  55
PDE Error:  0.05178
Change in PDE Error:  0.00032
Time taken by New program is : 21.00000 sec 
CONJUGATE GRADIENT TOOK (number of iterations):74
CONJUGATE GRADIENT error:0.00000
Diff : 0.01534
Iteration:  56
PDE Error:  0.05146
Change in PDE Error:  0.00031
Time taken by New program is : 21.00000 sec 
CONJUGATE GRADIENT TOOK (number of iterations):74
CONJUGATE GRADIENT error:0.00000
Diff : 0.01525
Iteration:  57
PDE Error:  0.05115
Change in PDE Error:  0.00031
Time taken by New program is : 22.00000 sec 
CONJUGATE GRADIENT TOOK (number of iterations):74
CONJUGATE GRADIENT error:0.00000
Diff : 0.01516
Iteration:  58
PDE Error:  0.05084
Change in PDE Error:  0.00031
Time taken by New program is : 21.00000 sec 
CONJUGATE GRADIENT TOOK (number of iterations):74
CONJUGATE GRADIENT error:0.00000
Diff : 0.01507
Iteration:  59
PDE Error:  0.05053
Change in PDE Error:  0.00030
Time taken by New program is : 21.00000 sec 
CONJUGATE GRADIENT TOOK (number of iterations):74
CONJUGATE GRADIENT error:0.00000
Diff : 0.01498
Iteration:  60
PDE Error:  0.05023
Change in PDE Error:  0.00030
Time taken by New program is : 21.00000 sec 
CONJUGATE GRADIENT TOOK (number of iterations):74
CONJUGATE GRADIENT error:0.00000
Diff : 0.01489
Iteration:  61
PDE Error:  0.04993
Change in PDE Error:  0.00029
Time taken by New program is : 21.00000 sec 
CONJUGATE GRADIENT TOOK (number of iterations):74
CONJUGATE GRADIENT error:0.00000
Diff : 0.01481
Iteration:  62
PDE Error:  0.04964
Change in PDE Error:  0.00029
Time taken by New program is : 22.00000 sec 
CONJUGATE GRADIENT TOOK (number of iterations):73
CONJUGATE GRADIENT error:0.00000
Diff : 0.01472
Iteration:  63
PDE Error:  0.04935
Change in PDE Error:  0.00028
Time taken by New program is : 21.00000 sec 
CONJUGATE GRADIENT TOOK (number of iterations):73
CONJUGATE GRADIENT error:0.00000
Diff : 0.01464
Iteration:  64
PDE Error:  0.04907
Change in PDE Error:  0.00028
Time taken by New program is : 21.00000 sec 
CONJUGATE GRADIENT TOOK (number of iterations):73
CONJUGATE GRADIENT error:0.00000
Diff : 0.01455
Iteration:  65
PDE Error:  0.04879
Change in PDE Error:  0.00028
Time taken by New program is : 21.00000 sec 
CONJUGATE GRADIENT TOOK (number of iterations):73
CONJUGATE GRADIENT error:0.00000
Diff : 0.01447
Iteration:  66
PDE Error:  0.04851
Change in PDE Error:  0.00027
Time taken by New program is : 21.00000 sec 
CONJUGATE GRADIENT TOOK (number of iterations):73
CONJUGATE GRADIENT error:0.00000
Diff : 0.01439
Iteration:  67
PDE Error:  0.04824
Change in PDE Error:  0.00027
Time taken by New program is : 21.00000 sec 
CONJUGATE GRADIENT TOOK (number of iterations):73
CONJUGATE GRADIENT error:0.00000
Diff : 0.01431
Iteration:  68
PDE Error:  0.04797
Change in PDE Error:  0.00026
Time taken by New program is : 21.00000 sec 
CONJUGATE GRADIENT TOOK (number of iterations):73
CONJUGATE GRADIENT error:0.00000
Diff : 0.01423
Iteration:  69
PDE Error:  0.04771
Change in PDE Error:  0.00026
Time taken by New program is : 21.00000 sec 
CONJUGATE GRADIENT TOOK (number of iterations):73
CONJUGATE GRADIENT error:0.00000
Diff : 0.01416
Iteration:  70
PDE Error:  0.04745
Change in PDE Error:  0.00026
Time taken by New program is : 22.00000 sec 
CONJUGATE GRADIENT TOOK (number of iterations):73
CONJUGATE GRADIENT error:0.00000
Diff : 0.01408
Iteration:  71
PDE Error:  0.04719
Change in PDE Error:  0.00025
Time taken by New program is : 21.00000 sec 
CONJUGATE GRADIENT TOOK (number of iterations):73
CONJUGATE GRADIENT error:0.00000
Diff : 0.01401
Iteration:  72
PDE Error:  0.04694
Change in PDE Error:  0.00025
Time taken by New program is : 21.00000 sec 
CONJUGATE GRADIENT TOOK (number of iterations):73
CONJUGATE GRADIENT error:0.00000
Diff : 0.01393
Iteration:  73
PDE Error:  0.04669
Change in PDE Error:  0.00025
Time taken by New program is : 21.00000 sec 
CONJUGATE GRADIENT TOOK (number of iterations):73
CONJUGATE GRADIENT error:0.00000
Diff : 0.01386
Iteration:  74
PDE Error:  0.04644
Change in PDE Error:  0.00024
Time taken by New program is : 21.00000 sec 
CONJUGATE GRADIENT TOOK (number of iterations):73
CONJUGATE GRADIENT error:0.00000
Diff : 0.01379
Iteration:  75
PDE Error:  0.04620
Change in PDE Error:  0.00024
Time taken by New program is : 21.00000 sec 
CONJUGATE GRADIENT TOOK (number of iterations):73
CONJUGATE GRADIENT error:0.00000
Diff : 0.01372
Iteration:  76
PDE Error:  0.04596
Change in PDE Error:  0.00024
Time taken by New program is : 21.00000 sec 
CONJUGATE GRADIENT TOOK (number of iterations):73
CONJUGATE GRADIENT error:0.00000
Diff : 0.01365
Iteration:  77
PDE Error:  0.04572
Change in PDE Error:  0.00023
Time taken by New program is : 21.00000 sec 
CONJUGATE GRADIENT TOOK (number of iterations):73
CONJUGATE GRADIENT error:0.00000
Diff : 0.01358
Iteration:  78
PDE Error:  0.04549
Change in PDE Error:  0.00023
Time taken by New program is : 21.00000 sec 
CONJUGATE GRADIENT TOOK (number of iterations):73
CONJUGATE GRADIENT error:0.00000
Diff : 0.01351
Iteration:  79
PDE Error:  0.04526
Change in PDE Error:  0.00023
Time taken by New program is : 21.00000 sec 
CONJUGATE GRADIENT TOOK (number of iterations):73
CONJUGATE GRADIENT error:0.00000
Diff : 0.01344
Iteration:  80
PDE Error:  0.04503
Change in PDE Error:  0.00022
Time taken by New program is : 22.00000 sec 
CONJUGATE GRADIENT TOOK (number of iterations):73
CONJUGATE GRADIENT error:0.00000
Diff : 0.01338
Iteration:  81
PDE Error:  0.04481
Change in PDE Error:  0.00022
Time taken by New program is : 21.00000 sec 
CONJUGATE GRADIENT TOOK (number of iterations):73
CONJUGATE GRADIENT error:0.00000
Diff : 0.01331
Iteration:  82
PDE Error:  0.04459
Change in PDE Error:  0.00022
Time taken by New program is : 21.00000 sec 
CONJUGATE GRADIENT TOOK (number of iterations):73
CONJUGATE GRADIENT error:0.00000
Diff : 0.01325
Iteration:  83
PDE Error:  0.04437
Change in PDE Error:  0.00021
Time taken by New program is : 21.00000 sec 
CONJUGATE GRADIENT TOOK (number of iterations):73
CONJUGATE GRADIENT error:0.00000
Diff : 0.01318
Iteration:  84
PDE Error:  0.04416
Change in PDE Error:  0.00021
Time taken by New program is : 21.00000 sec 
CONJUGATE GRADIENT TOOK (number of iterations):73
CONJUGATE GRADIENT error:0.00000
Diff : 0.01312
Iteration:  85
PDE Error:  0.04395
Change in PDE Error:  0.00021
Time taken by New program is : 21.00000 sec 
CONJUGATE GRADIENT TOOK (number of iterations):73
CONJUGATE GRADIENT error:0.00000
Diff : 0.01306
Iteration:  86
PDE Error:  0.04374
Change in PDE Error:  0.00021
Time taken by New program is : 21.00000 sec 
CONJUGATE GRADIENT TOOK (number of iterations):73
CONJUGATE GRADIENT error:0.00000
Diff : 0.01300
Iteration:  87
PDE Error:  0.04353
Change in PDE Error:  0.00020
Time taken by New program is : 21.00000 sec 
CONJUGATE GRADIENT TOOK (number of iterations):73
CONJUGATE GRADIENT error:0.00000
Diff : 0.01294
Iteration:  88
PDE Error:  0.04333
Change in PDE Error:  0.00020
Time taken by New program is : 21.00000 sec 
CONJUGATE GRADIENT TOOK (number of iterations):73
CONJUGATE GRADIENT error:0.00000
Diff : 0.01288
Iteration:  89
PDE Error:  0.04313
Change in PDE Error:  0.00020
Time taken by New program is : 21.00000 sec 
CONJUGATE GRADIENT TOOK (number of iterations):73
CONJUGATE GRADIENT error:0.00000
Diff : 0.01282
Iteration:  90
PDE Error:  0.04293
Change in PDE Error:  0.00020
Time taken by New program is : 21.00000 sec 
CONJUGATE GRADIENT TOOK (number of iterations):72
CONJUGATE GRADIENT error:0.00000
Diff : 0.01276
Iteration:  91
PDE Error:  0.04274
Change in PDE Error:  0.00019
Time taken by New program is : 21.00000 sec 
CONJUGATE GRADIENT TOOK (number of iterations):72
CONJUGATE GRADIENT error:0.00000
Diff : 0.01271
Iteration:  92
PDE Error:  0.04255
Change in PDE Error:  0.00019
Time taken by New program is : 21.00000 sec 
CONJUGATE GRADIENT TOOK (number of iterations):72
CONJUGATE GRADIENT error:0.00000
Diff : 0.01265
Iteration:  93
PDE Error:  0.04235
Change in PDE Error:  0.00019
Time taken by New program is : 21.00000 sec 
CONJUGATE GRADIENT TOOK (number of iterations):72
CONJUGATE GRADIENT error:0.00000
Diff : 0.01259
Iteration:  94
PDE Error:  0.04217
Change in PDE Error:  0.00019
Time taken by New program is : 21.00000 sec 
CONJUGATE GRADIENT TOOK (number of iterations):72
CONJUGATE GRADIENT error:0.00000
Diff : 0.01254
Iteration:  95
PDE Error:  0.04198
Change in PDE Error:  0.00019
Time taken by New program is : 21.00000 sec 
CONJUGATE GRADIENT TOOK (number of iterations):72
CONJUGATE GRADIENT error:0.00000
Diff : 0.01248
Iteration:  96
PDE Error:  0.04180
Change in PDE Error:  0.00018
Time taken by New program is : 21.00000 sec 
CONJUGATE GRADIENT TOOK (number of iterations):72
CONJUGATE GRADIENT error:0.00000
Diff : 0.01243
Iteration:  97
PDE Error:  0.04161
Change in PDE Error:  0.00018
Time taken by New program is : 21.00000 sec 
CONJUGATE GRADIENT TOOK (number of iterations):72
CONJUGATE GRADIENT error:0.00000
Diff : 0.01238
Iteration:  98
PDE Error:  0.04143
Change in PDE Error:  0.00018
Time taken by New program is : 21.00000 sec 
CONJUGATE GRADIENT TOOK (number of iterations):72
CONJUGATE GRADIENT error:0.00000
Diff : 0.01232
Iteration:  99
PDE Error:  0.04125
Change in PDE Error:  0.00018
Time taken by New program is : 21.00000 sec 
CONJUGATE GRADIENT TOOK (number of iterations):72
CONJUGATE GRADIENT error:0.00000
Diff : 0.01227
Iteration:  100
PDE Error:  0.04107
Change in PDE Error:  0.00018
Time taken by New program is : 21.00000 sec 
CONJUGATE GRADIENT TOOK (number of iterations):72
CONJUGATE GRADIENT error:0.00000
Diff : 0.01222
Iteration:  101
PDE Error:  0.04090
Change in PDE Error:  0.00017
Time taken by New program is : 21.00000 sec 
CONJUGATE GRADIENT TOOK (number of iterations):72
CONJUGATE GRADIENT error:0.00000
Diff : 0.01216
Iteration:  102
PDE Error:  0.04072
Change in PDE Error:  0.00017
Time taken by New program is : 21.00000 sec 
CONJUGATE GRADIENT TOOK (number of iterations):72
CONJUGATE GRADIENT error:0.00000
Diff : 0.01211
Iteration:  103
PDE Error:  0.04055
Change in PDE Error:  0.00017
Time taken by New program is : 21.00000 sec 
CONJUGATE GRADIENT TOOK (number of iterations):72
CONJUGATE GRADIENT error:0.00000
Diff : 0.01206
Iteration:  104
PDE Error:  0.04038
Change in PDE Error:  0.00017
Time taken by New program is : 21.00000 sec 
CONJUGATE GRADIENT TOOK (number of iterations):72
CONJUGATE GRADIENT error:0.00000
Diff : 0.01201
Iteration:  105
PDE Error:  0.04021
Change in PDE Error:  0.00017
Time taken by New program is : 21.00000 sec 
CONJUGATE GRADIENT TOOK (number of iterations):72
CONJUGATE GRADIENT error:0.00000
Diff : 0.01196
Iteration:  106
PDE Error:  0.04004
Change in PDE Error:  0.00017
Time taken by New program is : 21.00000 sec 
CONJUGATE GRADIENT TOOK (number of iterations):72
CONJUGATE GRADIENT error:0.00000
Diff : 0.01191
Iteration:  107
PDE Error:  0.03987
Change in PDE Error:  0.00017
Time taken by New program is : 21.00000 sec 
CONJUGATE GRADIENT TOOK (number of iterations):72
CONJUGATE GRADIENT error:0.00000
Diff : 0.01186
Iteration:  108
PDE Error:  0.03970
Change in PDE Error:  0.00017
Time taken by New program is : 21.00000 sec 
CONJUGATE GRADIENT TOOK (number of iterations):72
CONJUGATE GRADIENT error:0.00000
Diff : 0.01181
Iteration:  109
PDE Error:  0.03953
Change in PDE Error:  0.00017
Time taken by New program is : 21.00000 sec 
CONJUGATE GRADIENT TOOK (number of iterations):72
CONJUGATE GRADIENT error:0.00000
Diff : 0.01176
Iteration:  110
PDE Error:  0.03937
Change in PDE Error:  0.00016
Time taken by New program is : 21.00000 sec 
CONJUGATE GRADIENT TOOK (number of iterations):72
CONJUGATE GRADIENT error:0.00000
Diff : 0.01171
Iteration:  111
PDE Error:  0.03921
Change in PDE Error:  0.00016
Time taken by New program is : 21.00000 sec 
CONJUGATE GRADIENT TOOK (number of iterations):72
CONJUGATE GRADIENT error:0.00000
Diff : 0.01166
Iteration:  112
PDE Error:  0.03904
Change in PDE Error:  0.00016
Time taken by New program is : 21.00000 sec 
CONJUGATE GRADIENT TOOK (number of iterations):72
CONJUGATE GRADIENT error:0.00000
Diff : 0.01162
Iteration:  113
PDE Error:  0.03888
Change in PDE Error:  0.00016
Time taken by New program is : 21.00000 sec 
CONJUGATE GRADIENT TOOK (number of iterations):72
CONJUGATE GRADIENT error:0.00000
Diff : 0.01157
Iteration:  114
PDE Error:  0.03872
Change in PDE Error:  0.00016
Time taken by New program is : 21.00000 sec 
CONJUGATE GRADIENT TOOK (number of iterations):72
CONJUGATE GRADIENT error:0.00000
Diff : 0.01152
Iteration:  115
PDE Error:  0.03856
Change in PDE Error:  0.00016
Time taken by New program is : 22.00000 sec 
CONJUGATE GRADIENT TOOK (number of iterations):72
CONJUGATE GRADIENT error:0.00000
Diff : 0.01147
Iteration:  116
PDE Error:  0.03840
Change in PDE Error:  0.00016
Time taken by New program is : 20.00000 sec 
CONJUGATE GRADIENT TOOK (number of iterations):72
CONJUGATE GRADIENT error:0.00000
Diff : 0.01143
Iteration:  117
PDE Error:  0.03824
Change in PDE Error:  0.00016
Time taken by New program is : 21.00000 sec 
CONJUGATE GRADIENT TOOK (number of iterations):72
CONJUGATE GRADIENT error:0.00000
Diff : 0.01138
Iteration:  118
PDE Error:  0.03809
Change in PDE Error:  0.00016
Time taken by New program is : 21.00000 sec 
CONJUGATE GRADIENT TOOK (number of iterations):72
CONJUGATE GRADIENT error:0.00000
Diff : 0.01133
Iteration:  119
PDE Error:  0.03793
Change in PDE Error:  0.00016
Time taken by New program is : 22.00000 sec 
CONJUGATE GRADIENT TOOK (number of iterations):72
CONJUGATE GRADIENT error:0.00000
Diff : 0.01129
Iteration:  120
PDE Error:  0.03777
Change in PDE Error:  0.00015
Time taken by New program is : 20.00000 sec 
CONJUGATE GRADIENT TOOK (number of iterations):72
CONJUGATE GRADIENT error:0.00000
Diff : 0.01124
Iteration:  121
PDE Error:  0.03762
Change in PDE Error:  0.00015
Time taken by New program is : 22.00000 sec 
CONJUGATE GRADIENT TOOK (number of iterations):72
CONJUGATE GRADIENT error:0.00000
Diff : 0.01119
Iteration:  122
PDE Error:  0.03747
Change in PDE Error:  0.00015
Time taken by New program is : 21.00000 sec 
CONJUGATE GRADIENT TOOK (number of iterations):72
CONJUGATE GRADIENT error:0.00000
Diff : 0.01115
Iteration:  123
PDE Error:  0.03731
Change in PDE Error:  0.00015
Time taken by New program is : 21.00000 sec 
CONJUGATE GRADIENT TOOK (number of iterations):72
CONJUGATE GRADIENT error:0.00000
Diff : 0.01110
Iteration:  124
PDE Error:  0.03716
Change in PDE Error:  0.00015
Time taken by New program is : 21.00000 sec 
CONJUGATE GRADIENT TOOK (number of iterations):72
CONJUGATE GRADIENT error:0.00000
Diff : 0.01106
Iteration:  125
PDE Error:  0.03701
Change in PDE Error:  0.00015
Time taken by New program is : 21.00000 sec 
CONJUGATE GRADIENT TOOK (number of iterations):71
CONJUGATE GRADIENT error:0.00000
Diff : 0.01101
Iteration:  126
PDE Error:  0.03686
Change in PDE Error:  0.00015
Time taken by New program is : 21.00000 sec 
CONJUGATE GRADIENT TOOK (number of iterations):71
CONJUGATE GRADIENT error:0.00000
Diff : 0.01097
Iteration:  127
PDE Error:  0.03671
Change in PDE Error:  0.00015
Time taken by New program is : 21.00000 sec 
CONJUGATE GRADIENT TOOK (number of iterations):71
CONJUGATE GRADIENT error:0.00000
Diff : 0.01093
Iteration:  128
PDE Error:  0.03657
Change in PDE Error:  0.00015
Time taken by New program is : 20.00000 sec 
CONJUGATE GRADIENT TOOK (number of iterations):71
CONJUGATE GRADIENT error:0.00000
Diff : 0.01088
Iteration:  129
PDE Error:  0.03642
Change in PDE Error:  0.00015
Time taken by New program is : 21.00000 sec 
CONJUGATE GRADIENT TOOK (number of iterations):71
CONJUGATE GRADIENT error:0.00000
Diff : 0.01084
Iteration:  130
PDE Error:  0.03627
Change in PDE Error:  0.00015
Time taken by New program is : 21.00000 sec 
CONJUGATE GRADIENT TOOK (number of iterations):71
CONJUGATE GRADIENT error:0.00000
Diff : 0.01079
Iteration:  131
PDE Error:  0.03613
Change in PDE Error:  0.00014
Time taken by New program is : 21.00000 sec 
CONJUGATE GRADIENT TOOK (number of iterations):71
CONJUGATE GRADIENT error:0.00000
Diff : 0.01075
Iteration:  132
PDE Error:  0.03598
Change in PDE Error:  0.00014
Time taken by New program is : 21.00000 sec 
CONJUGATE GRADIENT TOOK (number of iterations):71
CONJUGATE GRADIENT error:0.00000
Diff : 0.01071
Iteration:  133
PDE Error:  0.03584
Change in PDE Error:  0.00014
Time taken by New program is : 21.00000 sec 
CONJUGATE GRADIENT TOOK (number of iterations):71
CONJUGATE GRADIENT error:0.00000
Diff : 0.01067
Iteration:  134
PDE Error:  0.03570
Change in PDE Error:  0.00014
Time taken by New program is : 21.00000 sec 
CONJUGATE GRADIENT TOOK (number of iterations):71
CONJUGATE GRADIENT error:0.00000
Diff : 0.01063
Iteration:  135
PDE Error:  0.03556
Change in PDE Error:  0.00014
Time taken by New program is : 21.00000 sec 
CONJUGATE GRADIENT TOOK (number of iterations):71
CONJUGATE GRADIENT error:0.00000
Diff : 0.01059
Iteration:  136
PDE Error:  0.03542
Change in PDE Error:  0.00014
Time taken by New program is : 21.00000 sec 
CONJUGATE GRADIENT TOOK (number of iterations):71
CONJUGATE GRADIENT error:0.00000
Diff : 0.01054
Iteration:  137
PDE Error:  0.03528
Change in PDE Error:  0.00014
Time taken by New program is : 21.00000 sec 
CONJUGATE GRADIENT TOOK (number of iterations):71
CONJUGATE GRADIENT error:0.00000
Diff : 0.01050
Iteration:  138
PDE Error:  0.03515
Change in PDE Error:  0.00014
Time taken by New program is : 21.00000 sec 
CONJUGATE GRADIENT TOOK (number of iterations):71
CONJUGATE GRADIENT error:0.00000
Diff : 0.01046
Iteration:  139
PDE Error:  0.03501
Change in PDE Error:  0.00014
Time taken by New program is : 21.00000 sec 
CONJUGATE GRADIENT TOOK (number of iterations):71
CONJUGATE GRADIENT error:0.00000
Diff : 0.01042
Iteration:  140
PDE Error:  0.03488
Change in PDE Error:  0.00014
Time taken by New program is : 21.00000 sec 
CONJUGATE GRADIENT TOOK (number of iterations):71
CONJUGATE GRADIENT error:0.00000
Diff : 0.01039
Iteration:  141
PDE Error:  0.03475
Change in PDE Error:  0.00014
Time taken by New program is : 21.00000 sec 
CONJUGATE GRADIENT TOOK (number of iterations):71
CONJUGATE GRADIENT error:0.00000
Diff : 0.01035
Iteration:  142
PDE Error:  0.03463
Change in PDE Error:  0.00014
Time taken by New program is : 21.00000 sec 
CONJUGATE GRADIENT TOOK (number of iterations):71
CONJUGATE GRADIENT error:0.00000
Diff : 0.01032
Iteration:  143
PDE Error:  0.03451
Change in PDE Error:  0.00014
Time taken by New program is : 21.00000 sec 
CONJUGATE GRADIENT TOOK (number of iterations):71
CONJUGATE GRADIENT error:0.00000
Diff : 0.01029
Iteration:  144
PDE Error:  0.03440
Change in PDE Error:  0.00013
Time taken by New program is : 21.00000 sec 
CONJUGATE GRADIENT TOOK (number of iterations):71
CONJUGATE GRADIENT error:0.00000
Diff : 0.01025
Iteration:  145
PDE Error:  0.03429
Change in PDE Error:  0.00013
Time taken by New program is : 21.00000 sec 
CONJUGATE GRADIENT TOOK (number of iterations):71
CONJUGATE GRADIENT error:0.00000
Diff : 0.01022
Iteration:  146
PDE Error:  0.03418
Change in PDE Error:  0.00013
Time taken by New program is : 21.00000 sec 
CONJUGATE GRADIENT TOOK (number of iterations):71
CONJUGATE GRADIENT error:0.00000
Diff : 0.01019
Iteration:  147
PDE Error:  0.03406
Change in PDE Error:  0.00013
Time taken by New program is : 21.00000 sec 
CONJUGATE GRADIENT TOOK (number of iterations):71
CONJUGATE GRADIENT error:0.00000
Diff : 0.01015
Iteration:  148
PDE Error:  0.03395
Change in PDE Error:  0.00013
Time taken by New program is : 21.00000 sec 
CONJUGATE GRADIENT TOOK (number of iterations):71
CONJUGATE GRADIENT error:0.00000
Diff : 0.01012
Iteration:  149
PDE Error:  0.03384
Change in PDE Error:  0.00013
Time taken by New program is : 21.00000 sec 
CONJUGATE GRADIENT TOOK (number of iterations):71
CONJUGATE GRADIENT error:0.00000
Diff : 0.01009
Iteration:  150
PDE Error:  0.03373
Change in PDE Error:  0.00013
Time taken by New program is : 21.00000 sec 
CONJUGATE GRADIENT TOOK (number of iterations):71
CONJUGATE GRADIENT error:0.00000
Diff : 0.01005
Iteration:  151
PDE Error:  0.03362
Change in PDE Error:  0.00013
Time taken by New program is : 22.00000 sec 
CONJUGATE GRADIENT TOOK (number of iterations):71
CONJUGATE GRADIENT error:0.00000
Diff : 0.01002
Iteration:  152
PDE Error:  0.03352
Change in PDE Error:  0.00013
Time taken by New program is : 21.00000 sec 
CONJUGATE GRADIENT TOOK (number of iterations):71
CONJUGATE GRADIENT error:0.00000
Diff : 0.00999
Iteration:  153
PDE Error:  0.03341
Change in PDE Error:  0.00013
Time taken by New program is : 21.00000 sec 
CONJUGATE GRADIENT TOOK (number of iterations):71
CONJUGATE GRADIENT error:0.00000
Diff : 0.00996
Iteration:  154
PDE Error:  0.03330
Change in PDE Error:  0.00013
Time taken by New program is : 21.00000 sec 
CONJUGATE GRADIENT TOOK (number of iterations):71
CONJUGATE GRADIENT error:0.00000
Diff : 0.00993
Iteration:  155
PDE Error:  0.03319
Change in PDE Error:  0.00013
Time taken by New program is : 21.00000 sec 
CONJUGATE GRADIENT TOOK (number of iterations):71
CONJUGATE GRADIENT error:0.00000
Diff : 0.00989
Iteration:  156
PDE Error:  0.03309
Change in PDE Error:  0.00013
Time taken by New program is : 21.00000 sec 
CONJUGATE GRADIENT TOOK (number of iterations):71
CONJUGATE GRADIENT error:0.00000
Diff : 0.00986
Iteration:  157
PDE Error:  0.03298
Change in PDE Error:  0.00013
Time taken by New program is : 21.00000 sec 
CONJUGATE GRADIENT TOOK (number of iterations):71
CONJUGATE GRADIENT error:0.00000
Diff : 0.00983
Iteration:  158
PDE Error:  0.03287
Change in PDE Error:  0.00012
Time taken by New program is : 21.00000 sec 
CONJUGATE GRADIENT TOOK (number of iterations):71
CONJUGATE GRADIENT error:0.00000
Diff : 0.00980
Iteration:  159
PDE Error:  0.03277
Change in PDE Error:  0.00012
Time taken by New program is : 21.00000 sec 
CONJUGATE GRADIENT TOOK (number of iterations):71
CONJUGATE GRADIENT error:0.00000
Diff : 0.00977
Iteration:  160
PDE Error:  0.03266
Change in PDE Error:  0.00012
Time taken by New program is : 21.00000 sec 
CONJUGATE GRADIENT TOOK (number of iterations):71
CONJUGATE GRADIENT error:0.00000
Diff : 0.00974
Iteration:  161
PDE Error:  0.03256
Change in PDE Error:  0.00012
Time taken by New program is : 21.00000 sec 
CONJUGATE GRADIENT TOOK (number of iterations):71
CONJUGATE GRADIENT error:0.00000
Diff : 0.00971
Iteration:  162
PDE Error:  0.03246
Change in PDE Error:  0.00012
Time taken by New program is : 21.00000 sec 
CONJUGATE GRADIENT TOOK (number of iterations):71
CONJUGATE GRADIENT error:0.00000
Diff : 0.00967
Iteration:  163
PDE Error:  0.03235
Change in PDE Error:  0.00012
Time taken by New program is : 22.00000 sec 
CONJUGATE GRADIENT TOOK (number of iterations):71
CONJUGATE GRADIENT error:0.00000
Diff : 0.00964
Iteration:  164
PDE Error:  0.03225
Change in PDE Error:  0.00012
Time taken by New program is : 21.00000 sec 
CONJUGATE GRADIENT TOOK (number of iterations):71
CONJUGATE GRADIENT error:0.00000
Diff : 0.00961
Iteration:  165
PDE Error:  0.03215
Change in PDE Error:  0.00012
Time taken by New program is : 21.00000 sec 
CONJUGATE GRADIENT TOOK (number of iterations):71
CONJUGATE GRADIENT error:0.00000
Diff : 0.00958
Iteration:  166
PDE Error:  0.03204
Change in PDE Error:  0.00012
Time taken by New program is : 21.00000 sec 
CONJUGATE GRADIENT TOOK (number of iterations):70
CONJUGATE GRADIENT error:0.00000
Diff : 0.00955
Iteration:  167
PDE Error:  0.03194
Change in PDE Error:  0.00012
Time taken by New program is : 21.00000 sec 
CONJUGATE GRADIENT TOOK (number of iterations):70
CONJUGATE GRADIENT error:0.00000
Diff : 0.00952
Iteration:  168
PDE Error:  0.03184
Change in PDE Error:  0.00012
Time taken by New program is : 21.00000 sec 
CONJUGATE GRADIENT TOOK (number of iterations):70
CONJUGATE GRADIENT error:0.00000
Diff : 0.00949
Iteration:  169
PDE Error:  0.03174
Change in PDE Error:  0.00012
Time taken by New program is : 21.00000 sec 
CONJUGATE GRADIENT TOOK (number of iterations):70
CONJUGATE GRADIENT error:0.00000
Diff : 0.00946
Iteration:  170
PDE Error:  0.03164
Change in PDE Error:  0.00012
Time taken by New program is : 21.00000 sec 
CONJUGATE GRADIENT TOOK (number of iterations):70
CONJUGATE GRADIENT error:0.00000
Diff : 0.00943
Iteration:  171
PDE Error:  0.03154
Change in PDE Error:  0.00012
Time taken by New program is : 21.00000 sec 
CONJUGATE GRADIENT TOOK (number of iterations):70
CONJUGATE GRADIENT error:0.00000
Diff : 0.00940
Iteration:  172
PDE Error:  0.03144
Change in PDE Error:  0.00012
Time taken by New program is : 21.00000 sec 
CONJUGATE GRADIENT TOOK (number of iterations):70
CONJUGATE GRADIENT error:0.00000
Diff : 0.00937
Iteration:  173
PDE Error:  0.03134
Change in PDE Error:  0.00011
Time taken by New program is : 21.00000 sec 
CONJUGATE GRADIENT TOOK (number of iterations):70
CONJUGATE GRADIENT error:0.00000
Diff : 0.00934
Iteration:  174
PDE Error:  0.03124
Change in PDE Error:  0.00011
Time taken by New program is : 21.00000 sec 
CONJUGATE GRADIENT TOOK (number of iterations):70
CONJUGATE GRADIENT error:0.00000
Diff : 0.00931
Iteration:  175
PDE Error:  0.03114
Change in PDE Error:  0.00011
Time taken by New program is : 21.00000 sec 
CONJUGATE GRADIENT TOOK (number of iterations):70
CONJUGATE GRADIENT error:0.00000
Diff : 0.00928
Iteration:  176
PDE Error:  0.03105
Change in PDE Error:  0.00011
Time taken by New program is : 21.00000 sec 
CONJUGATE GRADIENT TOOK (number of iterations):70
CONJUGATE GRADIENT error:0.00000
Diff : 0.00926
Iteration:  177
PDE Error:  0.03095
Change in PDE Error:  0.00011
Time taken by New program is : 21.00000 sec 
CONJUGATE GRADIENT TOOK (number of iterations):70
CONJUGATE GRADIENT error:0.00000
Diff : 0.00923
Iteration:  178
PDE Error:  0.03085
Change in PDE Error:  0.00011
Time taken by New program is : 21.00000 sec 
CONJUGATE GRADIENT TOOK (number of iterations):70
CONJUGATE GRADIENT error:0.00000
Diff : 0.00920
Iteration:  179
PDE Error:  0.03075
Change in PDE Error:  0.00011
Time taken by New program is : 21.00000 sec 
CONJUGATE GRADIENT TOOK (number of iterations):70
CONJUGATE GRADIENT error:0.00000
Diff : 0.00917
Iteration:  180
PDE Error:  0.03066
Change in PDE Error:  0.00011
Time taken by New program is : 21.00000 sec 
CONJUGATE GRADIENT TOOK (number of iterations):70
CONJUGATE GRADIENT error:0.00000
Diff : 0.00914
Iteration:  181
PDE Error:  0.03056
Change in PDE Error:  0.00011
Time taken by New program is : 21.00000 sec 
CONJUGATE GRADIENT TOOK (number of iterations):70
CONJUGATE GRADIENT error:0.00000
Diff : 0.00911
Iteration:  182
PDE Error:  0.03046
Change in PDE Error:  0.00011
Time taken by New program is : 21.00000 sec 
CONJUGATE GRADIENT TOOK (number of iterations):70
CONJUGATE GRADIENT error:0.00000
Diff : 0.00908
Iteration:  183
PDE Error:  0.03037
Change in PDE Error:  0.00011
Time taken by New program is : 21.00000 sec 
CONJUGATE GRADIENT TOOK (number of iterations):70
CONJUGATE GRADIENT error:0.00000
Diff : 0.00905
Iteration:  184
PDE Error:  0.03027
Change in PDE Error:  0.00011
Time taken by New program is : 21.00000 sec 
CONJUGATE GRADIENT TOOK (number of iterations):70
CONJUGATE GRADIENT error:0.00000
Diff : 0.00903
Iteration:  185
PDE Error:  0.03018
Change in PDE Error:  0.00011
Time taken by New program is : 21.00000 sec 
CONJUGATE GRADIENT TOOK (number of iterations):70
CONJUGATE GRADIENT error:0.00000
Diff : 0.00900
Iteration:  186
PDE Error:  0.03008
Change in PDE Error:  0.00011
Time taken by New program is : 21.00000 sec 
CONJUGATE GRADIENT TOOK (number of iterations):70
CONJUGATE GRADIENT error:0.00000
Diff : 0.00897
Iteration:  187
PDE Error:  0.02999
Change in PDE Error:  0.00011
Time taken by New program is : 21.00000 sec 
CONJUGATE GRADIENT TOOK (number of iterations):70
CONJUGATE GRADIENT error:0.00000
Diff : 0.00894
Iteration:  188
PDE Error:  0.02990
Change in PDE Error:  0.00011
Time taken by New program is : 21.00000 sec 
CONJUGATE GRADIENT TOOK (number of iterations):70
CONJUGATE GRADIENT error:0.00000
Diff : 0.00891
Iteration:  189
PDE Error:  0.02980
Change in PDE Error:  0.00011
Time taken by New program is : 21.00000 sec 
CONJUGATE GRADIENT TOOK (number of iterations):70
CONJUGATE GRADIENT error:0.00000
Diff : 0.00889
Iteration:  190
PDE Error:  0.02971
Change in PDE Error:  0.00010
Time taken by New program is : 21.00000 sec 
CONJUGATE GRADIENT TOOK (number of iterations):70
CONJUGATE GRADIENT error:0.00000
Diff : 0.00886
Iteration:  191
PDE Error:  0.02962
Change in PDE Error:  0.00010
Time taken by New program is : 21.00000 sec 
CONJUGATE GRADIENT TOOK (number of iterations):70
CONJUGATE GRADIENT error:0.00000
Diff : 0.00883
Iteration:  192
PDE Error:  0.02953
Change in PDE Error:  0.00010
Time taken by New program is : 21.00000 sec 
CONJUGATE GRADIENT TOOK (number of iterations):70
CONJUGATE GRADIENT error:0.00000
Diff : 0.00880
Iteration:  193
PDE Error:  0.02943
Change in PDE Error:  0.00010
Time taken by New program is : 21.00000 sec 
CONJUGATE GRADIENT TOOK (number of iterations):70
CONJUGATE GRADIENT error:0.00000
Diff : 0.00878
Iteration:  194
PDE Error:  0.02934
Change in PDE Error:  0.00010
Time taken by New program is : 21.00000 sec 
CONJUGATE GRADIENT TOOK (number of iterations):70
CONJUGATE GRADIENT error:0.00000
Diff : 0.00875
Iteration:  195
PDE Error:  0.02925
Change in PDE Error:  0.00010
Time taken by New program is : 21.00000 sec 
CONJUGATE GRADIENT TOOK (number of iterations):70
CONJUGATE GRADIENT error:0.00000
Diff : 0.00872
Iteration:  196
PDE Error:  0.02916
Change in PDE Error:  0.00010
Time taken by New program is : 21.00000 sec 
CONJUGATE GRADIENT TOOK (number of iterations):70
CONJUGATE GRADIENT error:0.00000
Diff : 0.00869
Iteration:  197
PDE Error:  0.02907
Change in PDE Error:  0.00010
Time taken by New program is : 21.00000 sec 
CONJUGATE GRADIENT TOOK (number of iterations):70
CONJUGATE GRADIENT error:0.00000
Diff : 0.00867
Iteration:  198
PDE Error:  0.02898
Change in PDE Error:  0.00010
Time taken by New program is : 21.00000 sec 
CONJUGATE GRADIENT TOOK (number of iterations):70
CONJUGATE GRADIENT error:0.00000
Diff : 0.00864
Iteration:  199
PDE Error:  0.02889
Change in PDE Error:  0.00010
Time taken by New program is : 21.00000 sec 
CONJUGATE GRADIENT TOOK (number of iterations):70
CONJUGATE GRADIENT error:0.00000
Diff : 0.00861
Iteration:  200
PDE Error:  0.02880
Change in PDE Error:  0.00010
Time taken by New program is : 21.00000 sec 
CONJUGATE GRADIENT TOOK (number of iterations):70
CONJUGATE GRADIENT error:0.00000
Diff : 0.00859
Iteration:  201
PDE Error:  0.02871
Change in PDE Error:  0.00010
Time taken by New program is : 20.00000 sec 
CONJUGATE GRADIENT TOOK (number of iterations):70
CONJUGATE GRADIENT error:0.00000
Diff : 0.00856
Iteration:  202
PDE Error:  0.02862
Change in PDE Error:  0.00010
Time taken by New program is : 22.00000 sec 
CONJUGATE GRADIENT TOOK (number of iterations):70
CONJUGATE GRADIENT error:0.00000
Diff : 0.00853
Iteration:  203
PDE Error:  0.02853
Change in PDE Error:  0.00010
Time taken by New program is : 20.00000 sec 
CONJUGATE GRADIENT TOOK (number of iterations):70
CONJUGATE GRADIENT error:0.00000
Diff : 0.00851
Iteration:  204
PDE Error:  0.02844
Change in PDE Error:  0.00010
Time taken by New program is : 21.00000 sec 
CONJUGATE GRADIENT TOOK (number of iterations):70
CONJUGATE GRADIENT error:0.00000
Diff : 0.00848
Iteration:  205
PDE Error:  0.02835
Change in PDE Error:  0.00010
Time taken by New program is : 21.00000 sec 
CONJUGATE GRADIENT TOOK (number of iterations):70
CONJUGATE GRADIENT error:0.00000
Diff : 0.00845
Iteration:  206
PDE Error:  0.02827
Change in PDE Error:  0.00010
Time taken by New program is : 21.00000 sec 
CONJUGATE GRADIENT TOOK (number of iterations):70
CONJUGATE GRADIENT error:0.00000
Diff : 0.00843
Iteration:  207
PDE Error:  0.02818
Change in PDE Error:  0.00010
Time taken by New program is : 21.00000 sec 
CONJUGATE GRADIENT TOOK (number of iterations):70
CONJUGATE GRADIENT error:0.00000
Diff : 0.00840
Iteration:  208
PDE Error:  0.02809
Change in PDE Error:  0.00010
Time taken by New program is : 21.00000 sec 
CONJUGATE GRADIENT TOOK (number of iterations):70
CONJUGATE GRADIENT error:0.00000
Diff : 0.00838
Iteration:  209
PDE Error:  0.02800
Change in PDE Error:  0.00010
Time taken by New program is : 21.00000 sec 
CONJUGATE GRADIENT TOOK (number of iterations):70
CONJUGATE GRADIENT error:0.00000
Diff : 0.00835
Iteration:  210
PDE Error:  0.02792
Change in PDE Error:  0.00010
Time taken by New program is : 21.00000 sec 
CONJUGATE GRADIENT TOOK (number of iterations):70
CONJUGATE GRADIENT error:0.00000
Diff : 0.00832
Iteration:  211
PDE Error:  0.02783
Change in PDE Error:  0.00009
Time taken by New program is : 21.00000 sec 
CONJUGATE GRADIENT TOOK (number of iterations):70
CONJUGATE GRADIENT error:0.00000
Diff : 0.00830
Iteration:  212
PDE Error:  0.02775
Change in PDE Error:  0.00009
Time taken by New program is : 21.00000 sec 
CONJUGATE GRADIENT TOOK (number of iterations):69
CONJUGATE GRADIENT error:0.00000
Diff : 0.00827
Iteration:  213
PDE Error:  0.02766
Change in PDE Error:  0.00009
Time taken by New program is : 21.00000 sec 
CONJUGATE GRADIENT TOOK (number of iterations):69
CONJUGATE GRADIENT error:0.00000
Diff : 0.00825
Iteration:  214
PDE Error:  0.02757
Change in PDE Error:  0.00009
Time taken by New program is : 21.00000 sec 
CONJUGATE GRADIENT TOOK (number of iterations):69
CONJUGATE GRADIENT error:0.00000
Diff : 0.00822
Iteration:  215
PDE Error:  0.02749
Change in PDE Error:  0.00009
Time taken by New program is : 20.00000 sec 
CONJUGATE GRADIENT TOOK (number of iterations):69
CONJUGATE GRADIENT error:0.00000
Diff : 0.00820
Iteration:  216
PDE Error:  0.02740
Change in PDE Error:  0.00009
Time taken by New program is : 21.00000 sec 
CONJUGATE GRADIENT TOOK (number of iterations):69
CONJUGATE GRADIENT error:0.00000
Diff : 0.00817
Iteration:  217
PDE Error:  0.02732
Change in PDE Error:  0.00009
Time taken by New program is : 21.00000 sec 
CONJUGATE GRADIENT TOOK (number of iterations):69
CONJUGATE GRADIENT error:0.00000
Diff : 0.00815
Iteration:  218
PDE Error:  0.02724
Change in PDE Error:  0.00009
Time taken by New program is : 21.00000 sec 
CONJUGATE GRADIENT TOOK (number of iterations):69
CONJUGATE GRADIENT error:0.00000
Diff : 0.00812
Iteration:  219
PDE Error:  0.02715
Change in PDE Error:  0.00009
Time taken by New program is : 21.00000 sec 
CONJUGATE GRADIENT TOOK (number of iterations):69
CONJUGATE GRADIENT error:0.00000
Diff : 0.00810
Iteration:  220
PDE Error:  0.02707
Change in PDE Error:  0.00009
Time taken by New program is : 21.00000 sec 
CONJUGATE GRADIENT TOOK (number of iterations):69
CONJUGATE GRADIENT error:0.00000
Diff : 0.00807
Iteration:  221
PDE Error:  0.02698
Change in PDE Error:  0.00009
Time taken by New program is : 20.00000 sec 
CONJUGATE GRADIENT TOOK (number of iterations):69
CONJUGATE GRADIENT error:0.00000
Diff : 0.00805
Iteration:  222
PDE Error:  0.02690
Change in PDE Error:  0.00009
Time taken by New program is : 21.00000 sec 
CONJUGATE GRADIENT TOOK (number of iterations):69
CONJUGATE GRADIENT error:0.00000
Diff : 0.00802
Iteration:  223
PDE Error:  0.02682
Change in PDE Error:  0.00009
Time taken by New program is : 21.00000 sec 
CONJUGATE GRADIENT TOOK (number of iterations):69
CONJUGATE GRADIENT error:0.00000
Diff : 0.00800
Iteration:  224
PDE Error:  0.02674
Change in PDE Error:  0.00009
Time taken by New program is : 21.00000 sec 
CONJUGATE GRADIENT TOOK (number of iterations):69
CONJUGATE GRADIENT error:0.00000
Diff : 0.00797
Iteration:  225
PDE Error:  0.02665
Change in PDE Error:  0.00009
Time taken by New program is : 21.00000 sec 
CONJUGATE GRADIENT TOOK (number of iterations):69
CONJUGATE GRADIENT error:0.00000
Diff : 0.00795
Iteration:  226
PDE Error:  0.02657
Change in PDE Error:  0.00009
Time taken by New program is : 21.00000 sec 
CONJUGATE GRADIENT TOOK (number of iterations):69
CONJUGATE GRADIENT error:0.00000
Diff : 0.00792
Iteration:  227
PDE Error:  0.02649
Change in PDE Error:  0.00009
Time taken by New program is : 21.00000 sec 
CONJUGATE GRADIENT TOOK (number of iterations):69
CONJUGATE GRADIENT error:0.00000
Diff : 0.00790
Iteration:  228
PDE Error:  0.02641
Change in PDE Error:  0.00009
Time taken by New program is : 21.00000 sec 
CONJUGATE GRADIENT TOOK (number of iterations):69
CONJUGATE GRADIENT error:0.00000
Diff : 0.00787
Iteration:  229
PDE Error:  0.02633
Change in PDE Error:  0.00009
Time taken by New program is : 21.00000 sec 
CONJUGATE GRADIENT TOOK (number of iterations):69
CONJUGATE GRADIENT error:0.00000
Diff : 0.00785
Iteration:  230
PDE Error:  0.02625
Change in PDE Error:  0.00009
Time taken by New program is : 21.00000 sec 
CONJUGATE GRADIENT TOOK (number of iterations):69
CONJUGATE GRADIENT error:0.00000
Diff : 0.00783
Iteration:  231
PDE Error:  0.02617
Change in PDE Error:  0.00009
Time taken by New program is : 20.00000 sec 
CONJUGATE GRADIENT TOOK (number of iterations):69
CONJUGATE GRADIENT error:0.00000
Diff : 0.00780
Iteration:  232
PDE Error:  0.02609
Change in PDE Error:  0.00009
Time taken by New program is : 21.00000 sec 
CONJUGATE GRADIENT TOOK (number of iterations):69
CONJUGATE GRADIENT error:0.00000
Diff : 0.00778
Iteration:  233
PDE Error:  0.02601
Change in PDE Error:  0.00009
Time taken by New program is : 21.00000 sec 
CONJUGATE GRADIENT TOOK (number of iterations):69
CONJUGATE GRADIENT error:0.00000
Diff : 0.00775
Iteration:  234
PDE Error:  0.02593
Change in PDE Error:  0.00009
Time taken by New program is : 21.00000 sec 
CONJUGATE GRADIENT TOOK (number of iterations):69
CONJUGATE GRADIENT error:0.00000
Diff : 0.00773
Iteration:  235
PDE Error:  0.02585
Change in PDE Error:  0.00008
Time taken by New program is : 21.00000 sec 
CONJUGATE GRADIENT TOOK (number of iterations):69
CONJUGATE GRADIENT error:0.00000
Diff : 0.00771
Iteration:  236
PDE Error:  0.02577
Change in PDE Error:  0.00008
Time taken by New program is : 21.00000 sec 
CONJUGATE GRADIENT TOOK (number of iterations):69
CONJUGATE GRADIENT error:0.00000
Diff : 0.00768
Iteration:  237
PDE Error:  0.02569
Change in PDE Error:  0.00008
Time taken by New program is : 21.00000 sec 
CONJUGATE GRADIENT TOOK (number of iterations):69
CONJUGATE GRADIENT error:0.00000
Diff : 0.00766
Iteration:  238
PDE Error:  0.02561
Change in PDE Error:  0.00008
Time taken by New program is : 21.00000 sec 
CONJUGATE GRADIENT TOOK (number of iterations):69
CONJUGATE GRADIENT error:0.00000
Diff : 0.00764
Iteration:  239
PDE Error:  0.02553
Change in PDE Error:  0.00008
Time taken by New program is : 21.00000 sec 
CONJUGATE GRADIENT TOOK (number of iterations):69
CONJUGATE GRADIENT error:0.00000
Diff : 0.00761
Iteration:  240
PDE Error:  0.02545
Change in PDE Error:  0.00008
Time taken by New program is : 21.00000 sec 
CONJUGATE GRADIENT TOOK (number of iterations):69
CONJUGATE GRADIENT error:0.00000
Diff : 0.00759
Iteration:  241
PDE Error:  0.02537
Change in PDE Error:  0.00008
Time taken by New program is : 21.00000 sec 
CONJUGATE GRADIENT TOOK (number of iterations):69
CONJUGATE GRADIENT error:0.00000
Diff : 0.00757
Iteration:  242
PDE Error:  0.02530
Change in PDE Error:  0.00008
Time taken by New program is : 20.00000 sec 
CONJUGATE GRADIENT TOOK (number of iterations):69
CONJUGATE GRADIENT error:0.00000
Diff : 0.00754
Iteration:  243
PDE Error:  0.02522
Change in PDE Error:  0.00008
Time taken by New program is : 21.00000 sec 
CONJUGATE GRADIENT TOOK (number of iterations):69
CONJUGATE GRADIENT error:0.00000
Diff : 0.00752
Iteration:  244
PDE Error:  0.02514
Change in PDE Error:  0.00008
Time taken by New program is : 21.00000 sec 
CONJUGATE GRADIENT TOOK (number of iterations):69
CONJUGATE GRADIENT error:0.00000
Diff : 0.00750
Iteration:  245
PDE Error:  0.02507
Change in PDE Error:  0.00008
Time taken by New program is : 21.00000 sec 
CONJUGATE GRADIENT TOOK (number of iterations):69
CONJUGATE GRADIENT error:0.00000
Diff : 0.00747
Iteration:  246
PDE Error:  0.02499
Change in PDE Error:  0.00008
Time taken by New program is : 21.00000 sec 
CONJUGATE GRADIENT TOOK (number of iterations):69
CONJUGATE GRADIENT error:0.00000
Diff : 0.00745
Iteration:  247
PDE Error:  0.02491
Change in PDE Error:  0.00008
Time taken by New program is : 21.00000 sec 
CONJUGATE GRADIENT TOOK (number of iterations):69
CONJUGATE GRADIENT error:0.00000
Diff : 0.00743
Iteration:  248
PDE Error:  0.02484
Change in PDE Error:  0.00008
Time taken by New program is : 21.00000 sec 
CONJUGATE GRADIENT TOOK (number of iterations):69
CONJUGATE GRADIENT error:0.00000
Diff : 0.00741
Iteration:  249
PDE Error:  0.02476
Change in PDE Error:  0.00008
Time taken by New program is : 20.00000 sec 
CONJUGATE GRADIENT TOOK (number of iterations):69
CONJUGATE GRADIENT error:0.00000
Diff : 0.00738
Iteration:  250
PDE Error:  0.02468
Change in PDE Error:  0.00008
Time taken by New program is : 21.00000 sec 
CONJUGATE GRADIENT TOOK (number of iterations):69
CONJUGATE GRADIENT error:0.00000
Diff : 0.00736
Iteration:  251
PDE Error:  0.02461
Change in PDE Error:  0.00008
Time taken by New program is : 21.00000 sec 
CONJUGATE GRADIENT TOOK (number of iterations):69
CONJUGATE GRADIENT error:0.00000
Diff : 0.00734
Iteration:  252
PDE Error:  0.02453
Change in PDE Error:  0.00008
Time taken by New program is : 21.00000 sec 
CONJUGATE GRADIENT TOOK (number of iterations):69
CONJUGATE GRADIENT error:0.00000
Diff : 0.00732
Iteration:  253
PDE Error:  0.02446
Change in PDE Error:  0.00008
Time taken by New program is : 21.00000 sec 
CONJUGATE GRADIENT TOOK (number of iterations):69
CONJUGATE GRADIENT error:0.00000
Diff : 0.00729
Iteration:  254
PDE Error:  0.02438
Change in PDE Error:  0.00008
Time taken by New program is : 21.00000 sec 
CONJUGATE GRADIENT TOOK (number of iterations):69
CONJUGATE GRADIENT error:0.00000
Diff : 0.00727
Iteration:  255
PDE Error:  0.02431
Change in PDE Error:  0.00008
Time taken by New program is : 21.00000 sec 
CONJUGATE GRADIENT TOOK (number of iterations):69
CONJUGATE GRADIENT error:0.00000
Diff : 0.00725
Iteration:  256
PDE Error:  0.02424
Change in PDE Error:  0.00008
Time taken by New program is : 21.00000 sec 
CONJUGATE GRADIENT TOOK (number of iterations):69
CONJUGATE GRADIENT error:0.00000
Diff : 0.00723
Iteration:  257
PDE Error:  0.02416
Change in PDE Error:  0.00008
Time taken by New program is : 20.00000 sec 
CONJUGATE GRADIENT TOOK (number of iterations):69
CONJUGATE GRADIENT error:0.00000
Diff : 0.00720
Iteration:  258
PDE Error:  0.02409
Change in PDE Error:  0.00008
Time taken by New program is : 21.00000 sec 
CONJUGATE GRADIENT TOOK (number of iterations):69
CONJUGATE GRADIENT error:0.00000
Diff : 0.00718
Iteration:  259
PDE Error:  0.02401
Change in PDE Error:  0.00008
Time taken by New program is : 21.00000 sec 
CONJUGATE GRADIENT TOOK (number of iterations):69
CONJUGATE GRADIENT error:0.00000
Diff : 0.00716
Iteration:  260
PDE Error:  0.02394
Change in PDE Error:  0.00008
Time taken by New program is : 21.00000 sec 
CONJUGATE GRADIENT TOOK (number of iterations):69
CONJUGATE GRADIENT error:0.00000
Diff : 0.00714
Iteration:  261
PDE Error:  0.02387
Change in PDE Error:  0.00008
Time taken by New program is : 21.00000 sec 
CONJUGATE GRADIENT TOOK (number of iterations):69
CONJUGATE GRADIENT error:0.00000
Diff : 0.00712
Iteration:  262
PDE Error:  0.02380
Change in PDE Error:  0.00008
Time taken by New program is : 20.00000 sec 
CONJUGATE GRADIENT TOOK (number of iterations):68
CONJUGATE GRADIENT error:0.00000
Diff : 0.00710
Iteration:  263
PDE Error:  0.02372
Change in PDE Error:  0.00008
Time taken by New program is : 21.00000 sec 
CONJUGATE GRADIENT TOOK (number of iterations):68
CONJUGATE GRADIENT error:0.00000
Diff : 0.00707
Iteration:  264
PDE Error:  0.02365
Change in PDE Error:  0.00008
Time taken by New program is : 21.00000 sec 
CONJUGATE GRADIENT TOOK (number of iterations):68
CONJUGATE GRADIENT error:0.00000
Diff : 0.00705
Iteration:  265
PDE Error:  0.02358
Change in PDE Error:  0.00008
Time taken by New program is : 21.00000 sec 
CONJUGATE GRADIENT TOOK (number of iterations):68
CONJUGATE GRADIENT error:0.00000
Diff : 0.00703
Iteration:  266
PDE Error:  0.02351
Change in PDE Error:  0.00007
Time taken by New program is : 20.00000 sec 
CONJUGATE GRADIENT TOOK (number of iterations):68
CONJUGATE GRADIENT error:0.00000
Diff : 0.00701
Iteration:  267
PDE Error:  0.02343
Change in PDE Error:  0.00007
Time taken by New program is : 21.00000 sec 
CONJUGATE GRADIENT TOOK (number of iterations):68
CONJUGATE GRADIENT error:0.00000
Diff : 0.00699
Iteration:  268
PDE Error:  0.02336
Change in PDE Error:  0.00007
Time taken by New program is : 21.00000 sec 
CONJUGATE GRADIENT TOOK (number of iterations):68
CONJUGATE GRADIENT error:0.00000
Diff : 0.00697
Iteration:  269
PDE Error:  0.02329
Change in PDE Error:  0.00007
Time taken by New program is : 21.00000 sec 
CONJUGATE GRADIENT TOOK (number of iterations):68
CONJUGATE GRADIENT error:0.00000
Diff : 0.00695
Iteration:  270
PDE Error:  0.02322
Change in PDE Error:  0.00007
Time taken by New program is : 21.00000 sec 
CONJUGATE GRADIENT TOOK (number of iterations):68
CONJUGATE GRADIENT error:0.00000
Diff : 0.00692
Iteration:  271
PDE Error:  0.02315
Change in PDE Error:  0.00007
Time taken by New program is : 20.00000 sec 
CONJUGATE GRADIENT TOOK (number of iterations):68
CONJUGATE GRADIENT error:0.00000
Diff : 0.00690
Iteration:  272
PDE Error:  0.02308
Change in PDE Error:  0.00007
Time taken by New program is : 21.00000 sec 
CONJUGATE GRADIENT TOOK (number of iterations):68
CONJUGATE GRADIENT error:0.00000
Diff : 0.00688
Iteration:  273
PDE Error:  0.02301
Change in PDE Error:  0.00007
Time taken by New program is : 21.00000 sec 
CONJUGATE GRADIENT TOOK (number of iterations):68
CONJUGATE GRADIENT error:0.00000
Diff : 0.00686
Iteration:  274
PDE Error:  0.02294
Change in PDE Error:  0.00007
Time taken by New program is : 21.00000 sec 
CONJUGATE GRADIENT TOOK (number of iterations):68
CONJUGATE GRADIENT error:0.00000
Diff : 0.00684
Iteration:  275
PDE Error:  0.02287
Change in PDE Error:  0.00007
Time taken by New program is : 20.00000 sec 
CONJUGATE GRADIENT TOOK (number of iterations):68
CONJUGATE GRADIENT error:0.00000
Diff : 0.00682
Iteration:  276
PDE Error:  0.02280
Change in PDE Error:  0.00007
Time taken by New program is : 21.00000 sec 
CONJUGATE GRADIENT TOOK (number of iterations):68
CONJUGATE GRADIENT error:0.00000
Diff : 0.00680
Iteration:  277
PDE Error:  0.02273
Change in PDE Error:  0.00007
Time taken by New program is : 21.00000 sec 
CONJUGATE GRADIENT TOOK (number of iterations):68
CONJUGATE GRADIENT error:0.00000
Diff : 0.00678
Iteration:  278
PDE Error:  0.02266
Change in PDE Error:  0.00007
Time taken by New program is : 21.00000 sec 
CONJUGATE GRADIENT TOOK (number of iterations):68
CONJUGATE GRADIENT error:0.00000
Diff : 0.00676
Iteration:  279
PDE Error:  0.02259
Change in PDE Error:  0.00007
Time taken by New program is : 21.00000 sec 
CONJUGATE GRADIENT TOOK (number of iterations):68
CONJUGATE GRADIENT error:0.00000
Diff : 0.00674
Iteration:  280
PDE Error:  0.02252
Change in PDE Error:  0.00007
Time taken by New program is : 21.00000 sec 
CONJUGATE GRADIENT TOOK (number of iterations):68
CONJUGATE GRADIENT error:0.00000
Diff : 0.00672
Iteration:  281
PDE Error:  0.02246
Change in PDE Error:  0.00007
Time taken by New program is : 20.00000 sec 
CONJUGATE GRADIENT TOOK (number of iterations):68
CONJUGATE GRADIENT error:0.00000
Diff : 0.00670
Iteration:  282
PDE Error:  0.02239
Change in PDE Error:  0.00007
Time taken by New program is : 21.00000 sec 
CONJUGATE GRADIENT TOOK (number of iterations):68
CONJUGATE GRADIENT error:0.00000
Diff : 0.00668
Iteration:  283
PDE Error:  0.02232
Change in PDE Error:  0.00007
Time taken by New program is : 21.00000 sec 
CONJUGATE GRADIENT TOOK (number of iterations):68
CONJUGATE GRADIENT error:0.00000
Diff : 0.00666
Iteration:  284
PDE Error:  0.02225
Change in PDE Error:  0.00007
Time taken by New program is : 21.00000 sec 
CONJUGATE GRADIENT TOOK (number of iterations):68
CONJUGATE GRADIENT error:0.00000
Diff : 0.00664
Iteration:  285
PDE Error:  0.02218
Change in PDE Error:  0.00007
Time taken by New program is : 20.00000 sec 
CONJUGATE GRADIENT TOOK (number of iterations):68
CONJUGATE GRADIENT error:0.00000
Diff : 0.00662
Iteration:  286
PDE Error:  0.02212
Change in PDE Error:  0.00007
Time taken by New program is : 21.00000 sec 
CONJUGATE GRADIENT TOOK (number of iterations):68
CONJUGATE GRADIENT error:0.00000
Diff : 0.00660
Iteration:  287
PDE Error:  0.02205
Change in PDE Error:  0.00007
Time taken by New program is : 21.00000 sec 
CONJUGATE GRADIENT TOOK (number of iterations):68
CONJUGATE GRADIENT error:0.00000
Diff : 0.00658
Iteration:  288
PDE Error:  0.02198
Change in PDE Error:  0.00007
Time taken by New program is : 21.00000 sec 
CONJUGATE GRADIENT TOOK (number of iterations):68
CONJUGATE GRADIENT error:0.00000
Diff : 0.00656
Iteration:  289
PDE Error:  0.02192
Change in PDE Error:  0.00007
Time taken by New program is : 20.00000 sec 
CONJUGATE GRADIENT TOOK (number of iterations):68
CONJUGATE GRADIENT error:0.00000
Diff : 0.00654
Iteration:  290
PDE Error:  0.02185
Change in PDE Error:  0.00007
Time taken by New program is : 21.00000 sec 
CONJUGATE GRADIENT TOOK (number of iterations):68
CONJUGATE GRADIENT error:0.00000
Diff : 0.00652
Iteration:  291
PDE Error:  0.02178
Change in PDE Error:  0.00007
Time taken by New program is : 21.00000 sec 
CONJUGATE GRADIENT TOOK (number of iterations):68
CONJUGATE GRADIENT error:0.00000
Diff : 0.00650
Iteration:  292
PDE Error:  0.02172
Change in PDE Error:  0.00007
Time taken by New program is : 21.00000 sec 
CONJUGATE GRADIENT TOOK (number of iterations):68
CONJUGATE GRADIENT error:0.00000
Diff : 0.00648
Iteration:  293
PDE Error:  0.02165
Change in PDE Error:  0.00007
Time taken by New program is : 21.00000 sec 
CONJUGATE GRADIENT TOOK (number of iterations):68
CONJUGATE GRADIENT error:0.00000
Diff : 0.00646
Iteration:  294
PDE Error:  0.02159
Change in PDE Error:  0.00007
Time taken by New program is : 20.00000 sec 
CONJUGATE GRADIENT TOOK (number of iterations):68
CONJUGATE GRADIENT error:0.00000
Diff : 0.00644
Iteration:  295
PDE Error:  0.02152
Change in PDE Error:  0.00007
Time taken by New program is : 21.00000 sec 
CONJUGATE GRADIENT TOOK (number of iterations):68
CONJUGATE GRADIENT error:0.00000
Diff : 0.00642
Iteration:  296
PDE Error:  0.02146
Change in PDE Error:  0.00007
Time taken by New program is : 21.00000 sec 
CONJUGATE GRADIENT TOOK (number of iterations):68
CONJUGATE GRADIENT error:0.00000
Diff : 0.00640
Iteration:  297
PDE Error:  0.02139
Change in PDE Error:  0.00007
Time taken by New program is : 21.00000 sec 
CONJUGATE GRADIENT TOOK (number of iterations):68
CONJUGATE GRADIENT error:0.00000
Diff : 0.00638
Iteration:  298
PDE Error:  0.02133
Change in PDE Error:  0.00007
Time taken by New program is : 20.00000 sec 
CONJUGATE GRADIENT TOOK (number of iterations):68
CONJUGATE GRADIENT error:0.00000
Diff : 0.00636
Iteration:  299
PDE Error:  0.02126
Change in PDE Error:  0.00007
Time taken by New program is : 21.00000 sec 
CONJUGATE GRADIENT TOOK (number of iterations):68
CONJUGATE GRADIENT error:0.00000
Diff : 0.00634
Iteration:  300
PDE Error:  0.02120
Change in PDE Error:  0.00007
Time taken by New program is : 21.00000 sec 
CONJUGATE GRADIENT TOOK (number of iterations):68
CONJUGATE GRADIENT error:0.00000
Diff : 0.00632
Iteration:  301
PDE Error:  0.02113
Change in PDE Error:  0.00007
Time taken by New program is : 21.00000 sec 
CONJUGATE GRADIENT TOOK (number of iterations):68
CONJUGATE GRADIENT error:0.00000
Diff : 0.00630
Iteration:  302
PDE Error:  0.02107
Change in PDE Error:  0.00007
Time taken by New program is : 20.00000 sec 
CONJUGATE GRADIENT TOOK (number of iterations):68
CONJUGATE GRADIENT error:0.00000
Diff : 0.00628
Iteration:  303
PDE Error:  0.02100
Change in PDE Error:  0.00006
Time taken by New program is : 21.00000 sec 
CONJUGATE GRADIENT TOOK (number of iterations):68
CONJUGATE GRADIENT error:0.00000
Diff : 0.00626
Iteration:  304
PDE Error:  0.02094
Change in PDE Error:  0.00006
Time taken by New program is : 21.00000 sec 
CONJUGATE GRADIENT TOOK (number of iterations):68
CONJUGATE GRADIENT error:0.00000
Diff : 0.00624
Iteration:  305
PDE Error:  0.02088
Change in PDE Error:  0.00006
Time taken by New program is : 21.00000 sec 
CONJUGATE GRADIENT TOOK (number of iterations):68
CONJUGATE GRADIENT error:0.00000
Diff : 0.00623
Iteration:  306
PDE Error:  0.02081
Change in PDE Error:  0.00006
Time taken by New program is : 20.00000 sec 
CONJUGATE GRADIENT TOOK (number of iterations):68
CONJUGATE GRADIENT error:0.00000
Diff : 0.00621
Iteration:  307
PDE Error:  0.02075
Change in PDE Error:  0.00006
Time taken by New program is : 21.00000 sec 
CONJUGATE GRADIENT TOOK (number of iterations):68
CONJUGATE GRADIENT error:0.00000
Diff : 0.00619
Iteration:  308
PDE Error:  0.02069
Change in PDE Error:  0.00006
Time taken by New program is : 21.00000 sec 
CONJUGATE GRADIENT TOOK (number of iterations):68
CONJUGATE GRADIENT error:0.00000
Diff : 0.00617
Iteration:  309
PDE Error:  0.02063
Change in PDE Error:  0.00006
Time taken by New program is : 21.00000 sec 
CONJUGATE GRADIENT TOOK (number of iterations):68
CONJUGATE GRADIENT error:0.00000
Diff : 0.00615
Iteration:  310
PDE Error:  0.02056
Change in PDE Error:  0.00006
Time taken by New program is : 20.00000 sec 
CONJUGATE GRADIENT TOOK (number of iterations):68
CONJUGATE GRADIENT error:0.00000
Diff : 0.00613
Iteration:  311
PDE Error:  0.02050
Change in PDE Error:  0.00006
Time taken by New program is : 21.00000 sec 
CONJUGATE GRADIENT TOOK (number of iterations):68
CONJUGATE GRADIENT error:0.00000
Diff : 0.00611
Iteration:  312
PDE Error:  0.02044
Change in PDE Error:  0.00006
Time taken by New program is : 21.00000 sec 
CONJUGATE GRADIENT TOOK (number of iterations):68
CONJUGATE GRADIENT error:0.00000
Diff : 0.00609
Iteration:  313
PDE Error:  0.02038
Change in PDE Error:  0.00006
Time taken by New program is : 21.00000 sec 
CONJUGATE GRADIENT TOOK (number of iterations):68
CONJUGATE GRADIENT error:0.00000
Diff : 0.00608
Iteration:  314
PDE Error:  0.02031
Change in PDE Error:  0.00006
Time taken by New program is : 20.00000 sec 
CONJUGATE GRADIENT TOOK (number of iterations):68
CONJUGATE GRADIENT error:0.00000
Diff : 0.00606
Iteration:  315
PDE Error:  0.02025
Change in PDE Error:  0.00006
Time taken by New program is : 21.00000 sec 
CONJUGATE GRADIENT TOOK (number of iterations):68
CONJUGATE GRADIENT error:0.00000
Diff : 0.00604
Iteration:  316
PDE Error:  0.02019
Change in PDE Error:  0.00006
Time taken by New program is : 21.00000 sec 
CONJUGATE GRADIENT TOOK (number of iterations):68
CONJUGATE GRADIENT error:0.00000
Diff : 0.00602
Iteration:  317
PDE Error:  0.02013
Change in PDE Error:  0.00006
Time taken by New program is : 21.00000 sec 
CONJUGATE GRADIENT TOOK (number of iterations):67
CONJUGATE GRADIENT error:0.00000
Diff : 0.00600
Iteration:  318
PDE Error:  0.02007
Change in PDE Error:  0.00006
Time taken by New program is : 20.00000 sec 
CONJUGATE GRADIENT TOOK (number of iterations):67
CONJUGATE GRADIENT error:0.00000
Diff : 0.00598
Iteration:  319
PDE Error:  0.02001
Change in PDE Error:  0.00006
Time taken by New program is : 21.00000 sec 
CONJUGATE GRADIENT TOOK (number of iterations):67
CONJUGATE GRADIENT error:0.00000
Diff : 0.00597
Iteration:  320
PDE Error:  0.01995
Change in PDE Error:  0.00006
Time taken by New program is : 21.00000 sec 
CONJUGATE GRADIENT TOOK (number of iterations):67
CONJUGATE GRADIENT error:0.00000
Diff : 0.00595
Iteration:  321
PDE Error:  0.01989
Change in PDE Error:  0.00006
Time taken by New program is : 20.00000 sec 
CONJUGATE GRADIENT TOOK (number of iterations):67
CONJUGATE GRADIENT error:0.00000
Diff : 0.00593
Iteration:  322
PDE Error:  0.01983
Change in PDE Error:  0.00006
Time taken by New program is : 21.00000 sec 
CONJUGATE GRADIENT TOOK (number of iterations):67
CONJUGATE GRADIENT error:0.00000
Diff : 0.00591
Iteration:  323
PDE Error:  0.01977
Change in PDE Error:  0.00006
Time taken by New program is : 21.00000 sec 
CONJUGATE GRADIENT TOOK (number of iterations):67
CONJUGATE GRADIENT error:0.00000
Diff : 0.00589
Iteration:  324
PDE Error:  0.01971
Change in PDE Error:  0.00006
Time taken by New program is : 20.00000 sec 
CONJUGATE GRADIENT TOOK (number of iterations):67
CONJUGATE GRADIENT error:0.00000
Diff : 0.00588
Iteration:  325
PDE Error:  0.01965
Change in PDE Error:  0.00006
Time taken by New program is : 21.00000 sec 
CONJUGATE GRADIENT TOOK (number of iterations):67
CONJUGATE GRADIENT error:0.00000
Diff : 0.00586
Iteration:  326
PDE Error:  0.01959
Change in PDE Error:  0.00006
Time taken by New program is : 21.00000 sec 
CONJUGATE GRADIENT TOOK (number of iterations):67
CONJUGATE GRADIENT error:0.00000
Diff : 0.00584
Iteration:  327
PDE Error:  0.01953
Change in PDE Error:  0.00006
Time taken by New program is : 20.00000 sec 
CONJUGATE GRADIENT TOOK (number of iterations):67
CONJUGATE GRADIENT error:0.00000
Diff : 0.00582
Iteration:  328
PDE Error:  0.01947
Change in PDE Error:  0.00006
Time taken by New program is : 21.00000 sec 
CONJUGATE GRADIENT TOOK (number of iterations):67
CONJUGATE GRADIENT error:0.00000
Diff : 0.00581
Iteration:  329
PDE Error:  0.01941
Change in PDE Error:  0.00006
Time taken by New program is : 21.00000 sec 
CONJUGATE GRADIENT TOOK (number of iterations):67
CONJUGATE GRADIENT error:0.00000
Diff : 0.00579
Iteration:  330
PDE Error:  0.01935
Change in PDE Error:  0.00006
Time taken by New program is : 21.00000 sec 
CONJUGATE GRADIENT TOOK (number of iterations):67
CONJUGATE GRADIENT error:0.00000
Diff : 0.00577
Iteration:  331
PDE Error:  0.01930
Change in PDE Error:  0.00006
Time taken by New program is : 20.00000 sec 
