CONJUGATE GRADIENT TOOK (number of iterations):116
CONJUGATE GRADIENT error:8.7706e-11
lhs_err is 0.0824783
CONJUGATE GRADIENT TOOK (number of iterations):115
CONJUGATE GRADIENT error:9.9591e-11
Diff : 0.0790208
Iteration:  2
PDE Error:  0.286196
Change in PDE Error:  0.301851
Time taken by New program is : 54.000000 sec 
CONJUGATE GRADIENT TOOK (number of iterations):77
CONJUGATE GRADIENT error:0.00000
Diff : 0.02493
Iteration:  3
PDE Error:  0.08450
Change in PDE Error:  0.21660
Time taken by New program is : 19.00000 sec 
CONJUGATE GRADIENT TOOK (number of iterations):0
CONJUGATE GRADIENT error:0.00000
Diff : 17.68274
Iteration:  4
PDE Error:  0.16765
Change in PDE Error:  0.30019
Time taken by New program is : 13.00000 sec 
CONJUGATE GRADIENT TOOK (number of iterations):0
CONJUGATE GRADIENT error:0.00000
Diff : 0.00000
Iteration:  5
PDE Error:  0.14031
Change in PDE Error:  0.00475
PDE Converges
Time taken by New program is : 13.00000 sec 
